[2020-10-10T09:37:29.978] [DEBUG] cheese - login => username:zs,password:123456
[2020-10-10T09:37:29.979] [DEBUG] cheese - zs
[2020-10-10T09:37:29.989] [DEBUG] cheese - null
[2020-10-10T09:37:29.990] [DEBUG] cheese - null
[2020-10-10T09:38:32.508] [DEBUG] cheese - login => username:admin,password:123456
[2020-10-10T09:38:32.508] [DEBUG] cheese - admin
[2020-10-10T09:38:32.514] [DEBUG] cheese - null
[2020-10-10T09:38:32.514] [DEBUG] cheese - null
[2020-10-10T20:52:02.102] [DEBUG] cheese - login => username:xiaozherui,password:123456sss
[2020-10-10T20:52:02.104] [DEBUG] cheese - xiaozherui
[2020-10-10T20:52:02.143] [DEBUG] cheese - null
[2020-10-10T20:52:02.143] [DEBUG] cheese - null
[2020-10-10T20:52:16.378] [DEBUG] cheese - login => username:xiaozherui,password:123456sss
[2020-10-10T20:52:16.378] [DEBUG] cheese - xiaozherui
[2020-10-10T20:52:16.382] [DEBUG] cheese - null
[2020-10-10T20:52:16.382] [DEBUG] cheese - null
[2020-10-10T20:52:59.110] [DEBUG] cheese - login => username:xiaozherui,password:123456sss
[2020-10-10T20:52:59.110] [DEBUG] cheese - xiaozherui
[2020-10-10T20:52:59.112] [DEBUG] cheese - null
[2020-10-10T20:52:59.112] [DEBUG] cheese - null
[2020-10-10T20:53:14.274] [DEBUG] cheese - login => username:xiaozherui,password:123456sss
[2020-10-10T20:53:14.274] [DEBUG] cheese - xiaozherui
[2020-10-10T20:53:14.277] [DEBUG] cheese - null
[2020-10-10T20:53:14.277] [DEBUG] cheese - null
[2020-10-10T20:53:26.809] [DEBUG] cheese - login => username:fasd,password:123456sssf
[2020-10-10T20:53:26.809] [DEBUG] cheese - fasd
[2020-10-10T20:53:26.812] [DEBUG] cheese - null
[2020-10-10T20:53:26.812] [DEBUG] cheese - null
[2020-10-10T20:54:10.023] [DEBUG] cheese - login => username:fasdd,password:123456sssff
[2020-10-10T20:54:10.023] [DEBUG] cheese - fasdd
[2020-10-10T20:54:10.025] [DEBUG] cheese - null
[2020-10-10T20:54:10.025] [DEBUG] cheese - null
[2020-10-10T20:54:33.793] [DEBUG] cheese - login => username:fasddd,password:123456sssffs
[2020-10-10T20:54:33.793] [DEBUG] cheese - fasddd
[2020-10-10T20:54:33.796] [DEBUG] cheese - null
[2020-10-10T20:54:33.796] [DEBUG] cheese - null
[2020-10-10T20:54:57.687] [DEBUG] cheese - login => username:fasddd,password:123456sssffs
[2020-10-10T20:54:57.687] [DEBUG] cheese - fasddd
[2020-10-10T20:54:57.689] [DEBUG] cheese - null
[2020-10-10T20:54:57.689] [DEBUG] cheese - null
[2020-10-10T20:55:37.506] [DEBUG] cheese - login => username:fasddd,password:123456sssffs
[2020-10-10T20:55:37.506] [DEBUG] cheese - fasddd
[2020-10-10T20:55:37.509] [DEBUG] cheese - null
[2020-10-10T20:55:37.509] [DEBUG] cheese - null
[2020-10-10T20:55:51.006] [DEBUG] cheese - login => username:fasddd,password:123456sssffs
[2020-10-10T20:55:51.006] [DEBUG] cheese - fasddd
[2020-10-10T20:55:51.009] [DEBUG] cheese - null
[2020-10-10T20:55:51.009] [DEBUG] cheese - null
[2020-10-10T20:56:51.066] [DEBUG] cheese - login => username:xiaozhe,password:123456ddd
[2020-10-10T20:56:51.066] [DEBUG] cheese - xiaozhe
[2020-10-10T20:56:51.069] [DEBUG] cheese - null
[2020-10-10T20:56:51.069] [DEBUG] cheese - null
[2020-10-10T20:56:56.733] [DEBUG] cheese - login => username:xiaozhe,password:123456ddd
[2020-10-10T20:56:56.733] [DEBUG] cheese - xiaozhe
[2020-10-10T20:56:56.735] [DEBUG] cheese - null
[2020-10-10T20:56:56.735] [DEBUG] cheese - null
[2020-10-10T20:59:05.917] [DEBUG] cheese - login => username:fwdfw,password:wdfwdfwdf
[2020-10-10T20:59:05.917] [DEBUG] cheese - fwdfw
[2020-10-10T20:59:05.919] [DEBUG] cheese - null
[2020-10-10T20:59:05.920] [DEBUG] cheese - null
[2020-10-10T20:59:07.280] [DEBUG] cheese - login => username:fwdfw,password:wdfwdfwdf
[2020-10-10T20:59:07.280] [DEBUG] cheese - fwdfw
[2020-10-10T20:59:07.283] [DEBUG] cheese - null
[2020-10-10T20:59:07.283] [DEBUG] cheese - null
[2020-10-10T20:59:07.934] [DEBUG] cheese - login => username:fwdfw,password:wdfwdfwdf
[2020-10-10T20:59:07.934] [DEBUG] cheese - fwdfw
[2020-10-10T20:59:07.936] [DEBUG] cheese - null
[2020-10-10T20:59:07.936] [DEBUG] cheese - null
[2020-10-10T20:59:08.167] [DEBUG] cheese - login => username:fwdfw,password:wdfwdfwdf
[2020-10-10T20:59:08.167] [DEBUG] cheese - fwdfw
[2020-10-10T20:59:08.169] [DEBUG] cheese - null
[2020-10-10T20:59:08.169] [DEBUG] cheese - null
[2020-10-10T20:59:53.911] [DEBUG] cheese - login => username:xiaozherui,password:123456sss
[2020-10-10T20:59:53.911] [DEBUG] cheese - xiaozherui
[2020-10-10T20:59:53.914] [DEBUG] cheese - null
[2020-10-10T20:59:53.914] [DEBUG] cheese - null
[2020-10-10T21:00:43.118] [DEBUG] cheese - login => username:xiaozhd,password:123456sss
[2020-10-10T21:00:43.118] [DEBUG] cheese - xiaozhd
[2020-10-10T21:00:43.121] [DEBUG] cheese - null
[2020-10-10T21:00:43.121] [DEBUG] cheese - null
[2020-10-10T21:08:03.688] [DEBUG] cheese - login => username:xiaozher,password:123456ssfae
[2020-10-10T21:08:03.688] [DEBUG] cheese - xiaozher
[2020-10-10T21:08:03.690] [DEBUG] cheese - null
[2020-10-10T21:08:03.690] [DEBUG] cheese - null
[2020-10-10T21:47:31.620] [DEBUG] cheese - login => username:xiaozherui,password:123456sss
[2020-10-10T21:47:31.621] [DEBUG] cheese - xiaozherui
[2020-10-10T21:47:31.624] [DEBUG] cheese - null
[2020-10-10T21:47:31.624] [DEBUG] cheese - null
[2020-10-10T21:48:09.499] [DEBUG] cheese - login => username:admin,password:123456
[2020-10-10T21:48:09.500] [DEBUG] cheese - admin
[2020-10-10T21:48:09.504] [DEBUG] cheese - null
[2020-10-10T21:48:09.504] [DEBUG] cheese - null
[2020-10-10T21:48:50.678] [DEBUG] cheese - login => username:xiaozherui,password:123456
[2020-10-10T21:48:50.678] [DEBUG] cheese - xiaozherui
[2020-10-10T21:48:50.680] [DEBUG] cheese - null
[2020-10-10T21:48:50.680] [DEBUG] cheese - null
[2020-10-10T22:11:57.877] [DEBUG] cheese - login => username:admin,password:123456
[2020-10-10T22:11:57.877] [DEBUG] cheese - admin
[2020-10-10T22:11:57.882] [DEBUG] cheese - null
[2020-10-10T22:11:57.882] [DEBUG] cheese - null
[2020-10-10T22:12:06.858] [DEBUG] cheese - login => username:admin,password:123456
[2020-10-10T22:12:06.858] [DEBUG] cheese - admin
[2020-10-10T22:12:06.862] [DEBUG] cheese - null
[2020-10-10T22:12:06.862] [DEBUG] cheese - null
[2020-10-10T22:13:11.459] [DEBUG] cheese - login => username:admin,password:123456
[2020-10-10T22:13:11.459] [DEBUG] cheese - admin
[2020-10-10T22:13:11.461] [DEBUG] cheese - null
[2020-10-10T22:13:11.462] [DEBUG] cheese - null
[2020-10-10T22:16:39.063] [DEBUG] cheese - login => username:admin,password:123456
[2020-10-10T22:16:39.064] [DEBUG] cheese - admin
[2020-10-10T22:16:39.066] [DEBUG] cheese - null
[2020-10-10T22:16:39.066] [DEBUG] cheese - null
[2020-10-11T05:29:46.844] [DEBUG] cheese - login => username:admin,password:123456
[2020-10-11T05:29:46.844] [DEBUG] cheese - admin
[2020-10-11T05:29:46.849] [DEBUG] cheese - null
[2020-10-11T05:29:46.849] [DEBUG] cheese - null
[2020-10-12T08:03:12.374] [DEBUG] cheese - login => username:admin,password:123456
[2020-10-12T08:03:12.374] [DEBUG] cheese - admin
[2020-10-12T08:03:12.474] [DEBUG] cheese - null
[2020-10-12T08:03:12.474] [DEBUG] cheese - null
[2020-10-12T08:03:38.681] [DEBUG] cheese - login => username:admin,password:123456
[2020-10-12T08:03:38.681] [DEBUG] cheese - admin
[2020-10-12T08:03:38.684] [DEBUG] cheese - null
[2020-10-12T08:03:38.684] [DEBUG] cheese - null
[2020-10-12T08:03:47.306] [DEBUG] cheese - login => username:admin,password:123456
[2020-10-12T08:03:47.306] [DEBUG] cheese - admin
[2020-10-12T08:03:47.309] [DEBUG] cheese - null
[2020-10-12T08:03:47.309] [DEBUG] cheese - null
[2020-10-12T08:04:35.453] [DEBUG] cheese - login => username:admin,password:123456
[2020-10-12T08:04:35.453] [DEBUG] cheese - admin
[2020-10-12T08:04:35.456] [DEBUG] cheese - null
[2020-10-12T08:04:35.456] [DEBUG] cheese - null
[2020-10-12T08:37:59.639] [DEBUG] cheese - login => username:admin,password:123456
[2020-10-12T08:37:59.639] [DEBUG] cheese - admin
[2020-10-12T08:37:59.644] [DEBUG] cheese - null
[2020-10-12T08:37:59.644] [DEBUG] cheese - null
[2020-10-12T08:54:14.107] [DEBUG] cheese - login => username:admin,password:123456
[2020-10-12T08:54:14.107] [DEBUG] cheese - admin
[2020-10-12T08:54:14.111] [DEBUG] cheese - null
[2020-10-12T08:54:14.111] [DEBUG] cheese - null
[2020-10-12T08:57:43.322] [DEBUG] cheese - login => username:admin,password:123456
[2020-10-12T08:57:43.322] [DEBUG] cheese - admin
[2020-10-12T08:57:43.326] [DEBUG] cheese - null
[2020-10-12T08:57:43.326] [DEBUG] cheese - null
[2020-10-12T08:57:47.479] [DEBUG] cheese - login => username:admin,password:123456
[2020-10-12T08:57:47.479] [DEBUG] cheese - admin
[2020-10-12T08:57:47.482] [DEBUG] cheese - null
[2020-10-12T08:57:47.482] [DEBUG] cheese - null
[2020-10-12T09:09:39.060] [DEBUG] cheese - login => username:admin,password:123456
[2020-10-12T09:09:39.061] [DEBUG] cheese - admin
[2020-10-12T09:09:39.065] [DEBUG] cheese - null
[2020-10-12T09:09:39.065] [DEBUG] cheese - null
[2020-10-12T09:12:07.725] [DEBUG] cheese - login => username:admin,password:123456
[2020-10-12T09:12:07.725] [DEBUG] cheese - admin
[2020-10-12T09:12:07.729] [DEBUG] cheese - null
[2020-10-12T09:12:07.729] [DEBUG] cheese - null
[2020-10-12T10:10:10.918] [DEBUG] cheese - login => username:admin,password:123456
[2020-10-12T10:10:10.918] [DEBUG] cheese - admin
[2020-10-12T10:10:10.921] [DEBUG] cheese - null
[2020-10-12T10:10:10.921] [DEBUG] cheese - null
[2020-10-12T10:44:30.792] [DEBUG] cheese - login => username:admin,password:123456
[2020-10-12T10:44:30.792] [DEBUG] cheese - admin
[2020-10-12T10:44:30.795] [DEBUG] cheese - null
[2020-10-12T10:44:30.795] [DEBUG] cheese - null
[2020-10-12T10:50:13.086] [DEBUG] cheese - login => username:admin,password:123456
[2020-10-12T10:50:13.086] [DEBUG] cheese - admin
[2020-10-12T10:50:13.088] [DEBUG] cheese - null
[2020-10-12T10:50:13.089] [DEBUG] cheese - null
[2020-10-12T11:18:55.847] [DEBUG] cheese - login => username:admin,password:123456
[2020-10-12T11:18:55.847] [DEBUG] cheese - admin
[2020-10-12T11:18:55.852] [DEBUG] cheese - null
[2020-10-12T11:18:55.852] [DEBUG] cheese - null
[2020-10-12T11:23:07.972] [DEBUG] cheese - login => username:admin,password:123456
[2020-10-12T11:23:07.973] [DEBUG] cheese - admin
[2020-10-12T11:23:07.977] [DEBUG] cheese - null
[2020-10-12T11:23:07.977] [DEBUG] cheese - null
[2020-10-12T11:24:52.367] [DEBUG] cheese - login => username:admin,password:123456
[2020-10-12T11:24:52.367] [DEBUG] cheese - admin
[2020-10-12T11:24:52.369] [DEBUG] cheese - null
[2020-10-12T11:24:52.370] [DEBUG] cheese - null
[2020-10-12T13:38:44.854] [DEBUG] cheese - login => username:admin,password:123456
[2020-10-12T13:38:44.854] [DEBUG] cheese - admin
[2020-10-12T13:38:44.858] [DEBUG] cheese - null
[2020-10-12T13:38:44.858] [DEBUG] cheese - null
[2020-10-12T16:58:09.927] [DEBUG] cheese - login => username:admin,password:123456
[2020-10-12T16:58:09.927] [DEBUG] cheese - admin
[2020-10-12T16:58:09.930] [DEBUG] cheese - null
[2020-10-12T16:58:09.930] [DEBUG] cheese - null
[2020-10-12T17:00:07.921] [DEBUG] cheese - login => username:admin,password:123456
[2020-10-12T17:00:07.921] [DEBUG] cheese - admin
[2020-10-12T17:00:07.925] [DEBUG] cheese - null
[2020-10-12T17:00:07.925] [DEBUG] cheese - null
[2020-10-13T07:23:08.487] [DEBUG] cheese - login => username:admin,password:123456
[2020-10-13T07:23:08.488] [DEBUG] cheese - admin
[2020-10-13T07:23:08.707] [DEBUG] cheese - null
[2020-10-13T07:23:08.707] [DEBUG] cheese - null
[2020-10-14T14:33:46.111] [DEBUG] cheese - login => username:admin,password:123456
[2020-10-14T14:33:46.115] [DEBUG] cheese - admin
[2020-10-14T14:33:46.454] [DEBUG] cheese - null
[2020-10-14T14:33:46.454] [DEBUG] cheese - null
[2020-10-14T21:58:44.062] [DEBUG] cheese - null
[2020-10-14T21:58:49.092] [DEBUG] cheese - null
[2020-10-14T21:58:53.414] [DEBUG] cheese - null
[2020-10-14T21:58:58.604] [DEBUG] cheese - null
[2020-10-14T21:59:05.480] [DEBUG] cheese - null
[2020-10-14T21:59:21.275] [DEBUG] cheese - null
[2020-10-14T21:59:24.961] [DEBUG] cheese - null
[2020-10-14T21:59:28.289] [DEBUG] cheese - null
[2020-10-15T06:57:19.825] [DEBUG] cheese - login => username:admin,password:123456
[2020-10-15T06:57:19.829] [DEBUG] cheese - admin
[2020-10-15T06:57:19.873] [DEBUG] cheese - null
[2020-10-15T06:57:19.874] [DEBUG] cheese - null
[2020-10-15T08:06:24.541] [DEBUG] cheese - login => username:admin,password:123456
[2020-10-15T08:06:24.543] [DEBUG] cheese - admin
[2020-10-15T08:06:24.554] [DEBUG] cheese - null
[2020-10-15T08:06:24.555] [DEBUG] cheese - null
[2020-10-15T08:47:31.505] [DEBUG] cheese - login => username:admin,password:123456
[2020-10-15T08:47:31.505] [DEBUG] cheese - admin
[2020-10-15T08:47:31.509] [DEBUG] cheese - null
[2020-10-15T08:47:31.509] [DEBUG] cheese - null
[2020-10-15T11:19:45.610] [DEBUG] cheese - login => username:admin,password:123456
[2020-10-15T11:19:45.612] [DEBUG] cheese - admin
[2020-10-15T11:19:46.138] [DEBUG] cheese - null
[2020-10-15T11:19:46.139] [DEBUG] cheese - null
[2020-10-15T13:33:48.215] [DEBUG] cheese - login => username:admin,password:123456
[2020-10-15T13:33:48.215] [DEBUG] cheese - admin
[2020-10-15T13:33:48.220] [DEBUG] cheese - null
[2020-10-15T13:33:48.220] [DEBUG] cheese - null
[2020-10-15T16:37:04.728] [DEBUG] cheese - login => username:admin,password:123456
[2020-10-15T16:37:04.728] [DEBUG] cheese - admin
[2020-10-15T16:37:04.731] [DEBUG] cheese - null
[2020-10-15T16:37:04.732] [DEBUG] cheese - null
[2020-10-15T17:42:41.684] [DEBUG] cheese - login => username:admin,password:123456
[2020-10-15T17:42:41.684] [DEBUG] cheese - admin
[2020-10-15T17:42:41.687] [DEBUG] cheese - null
[2020-10-15T17:42:41.687] [DEBUG] cheese - null
[2020-10-17T08:02:19.786] [DEBUG] cheese - login => username:admin,password:123456
[2020-10-17T08:02:19.788] [DEBUG] cheese - admin
[2020-10-17T08:02:19.862] [DEBUG] cheese - null
[2020-10-17T08:02:19.863] [DEBUG] cheese - null
